C51 COMPILER V9.60.7.0   BEEP                                                              11/11/2023 13:00:53 PAGE 1   


C51 COMPILER V9.60.7.0, COMPILATION OF MODULE BEEP
OBJECT MODULE PLACED IN .\Objects\BEEP.obj
COMPILER INVOKED BY: E:\keil1\C51\BIN\C51.EXE USER\BEEP.c OPTIMIZE(8,SPEED) BROWSE INCDIR(.\USER;.\USER;.\USER\iic;.\USE
                    -R\EEPROM;.\USER\time;.\USER\DS18B20;.\USER\DS1302;.\USER\ired) DEBUG OBJECTEXTEND PRINT(.\Listings\BEEP.lst) TABS(2) OBJ
                    -ECT(.\Objects\BEEP.obj)

line level    source

   1          #include "AllHead.h"
   2          
   3          /*void BEEP_Time(u8 ms) 
   4          {
   5            u8 i = 0;
   6            for(i = 0;i < ms; i++)
   7            {
   8              BEEP = !BEEP; //产生一定频率的脉冲信号
   9              Delay1ms(1);
  10            }
  11          }*/
  12          
  13          /*void BEEP_Contral()
  14          {
  15            u16 i = 2000;
  16            while(1)
  17            {
  18              while(i--)  //循环2000次
  19              {
  20                BEEP = !BEEP; //产生一定频率的脉冲信号
  21                Delay1ms(1);
  22              }
  23              i = 0;  //清零 赋0蜂鸣器就不会再响了
  24              BEEP  = 0;  //关闭蜂鸣器 赋0和1都行
  25            }
  26          }*/


MODULE INFORMATION:   STATIC OVERLAYABLE
   CODE SIZE        =   ----    ----
   CONSTANT SIZE    =   ----    ----
   XDATA SIZE       =   ----    ----
   PDATA SIZE       =   ----    ----
   DATA SIZE        =   ----    ----
   IDATA SIZE       =   ----    ----
   BIT SIZE         =   ----    ----
END OF MODULE INFORMATION.


C51 COMPILATION COMPLETE.  0 WARNING(S),  0 ERROR(S)
