C51 COMPILER V9.60.7.0   DELAY                                                             11/11/2023 13:00:53 PAGE 1   


C51 COMPILER V9.60.7.0, COMPILATION OF MODULE DELAY
OBJECT MODULE PLACED IN .\Objects\Delay.obj
COMPILER INVOKED BY: E:\keil1\C51\BIN\C51.EXE USER\Delay.c OPTIMIZE(8,SPEED) BROWSE INCDIR(.\USER;.\USER;.\USER\iic;.\US
                    -ER\EEPROM;.\USER\time;.\USER\DS18B20;.\USER\DS1302;.\USER\ired) DEBUG OBJECTEXTEND PRINT(.\Listings\Delay.lst) TABS(2) O
                    -BJECT(.\Objects\Delay.obj)

line level    source

   1          #include "AllHead.h"
   2          
   3          
   4          /* -------------------------------- begin  ------------------------------ */
   5          /**
   6            * @函数名:  delay_us
   7            * @参数1 : 需要延时多少微秒
   8            * @返回值: 无
   9           **/
  10          /* -------------------------------- end -------------------------------- */
  11          
  12          void delay_10us(u16 ten_us) //当传入ten_us==1时，大约延时10us
  13          {
  14   1        while(ten_us--);
  15   1      }
  16          
  17          /* -------------------------------- begin  ------------------------------ */
  18          /**
  19            * @从STC-ISP生成复制延时函数
  20            * @函数名:  Delay1ms
  21            * @参数1 : 需要延时多少毫秒
  22            * @返回值: 无
  23           **/
  24          /* -------------------------------- end -------------------------------- */
  25          
  26          /*void Delay1ms(unsigned int xms)   //@12.000MHz
  27          {
  28            unsigned char i, j;
  29            while(xms)
  30            {
  31              i = 2;
  32              j = 239;
  33              do
  34              {
  35                while (--j);
  36              } while (--i);
  37              xms--;
  38            }
  39          }*/
  40          


MODULE INFORMATION:   STATIC OVERLAYABLE
   CODE SIZE        =     11    ----
   CONSTANT SIZE    =   ----    ----
   XDATA SIZE       =   ----    ----
   PDATA SIZE       =   ----    ----
   DATA SIZE        =   ----    ----
   IDATA SIZE       =   ----    ----
   BIT SIZE         =   ----    ----
END OF MODULE INFORMATION.


C51 COMPILATION COMPLETE.  0 WARNING(S),  0 ERROR(S)
