C51 COMPILER V9.60.7.0   EXTI                                                              11/11/2023 13:00:54 PAGE 1   


C51 COMPILER V9.60.7.0, COMPILATION OF MODULE EXTI
OBJECT MODULE PLACED IN .\Objects\EXTI.obj
COMPILER INVOKED BY: E:\keil1\C51\BIN\C51.EXE USER\EXTI.c OPTIMIZE(8,SPEED) BROWSE INCDIR(.\USER;.\USER;.\USER\iic;.\USE
                    -R\EEPROM;.\USER\time;.\USER\DS18B20;.\USER\DS1302;.\USER\ired) DEBUG OBJECTEXTEND PRINT(.\Listings\EXTI.lst) TABS(2) OBJ
                    -ECT(.\Objects\EXTI.obj)

line level    source

   1          #include "AllHead.h"
   2          
   3          
   4          
   5          
   6            /* -------------------------------- begin  ------------------------------ */
   7          /**
   8            * @函数名:  EXTI0_Init
   9            * @功能 : 外部中断0初始化
  10            * @返回值: 无
  11           **/
  12          /* -------------------------------- end -------------------------------- */
  13          /*void EXTI0_Init(void)
  14          {
  15            IT0 = 1; //跳变沿触发方式（下降沿）
  16            EX0 = 1; //打开 INT0 的中断允许
  17            EA = 1;  //打开总中断
  18          }*/ 
  19          
  20          
  21          /* -------------------------------- begin  ------------------------------ */
  22          /**
  23            * @功能 : 外部中断0服务函数
  24           **/
  25          /* -------------------------------- end -------------------------------- */
  26          /*void EXTI0() interrupt 0  //外部中断0中断函数
  27          {
  28            Delay1ms(10);   //消抖
  29            if(KEY3 == 0)   //再次判断 K3 键是否按下
  30              LED1 = !LED1; //LED1状态翻转
  31          }*/


MODULE INFORMATION:   STATIC OVERLAYABLE
   CODE SIZE        =   ----    ----
   CONSTANT SIZE    =   ----    ----
   XDATA SIZE       =   ----    ----
   PDATA SIZE       =   ----    ----
   DATA SIZE        =   ----    ----
   IDATA SIZE       =   ----    ----
   BIT SIZE         =   ----    ----
END OF MODULE INFORMATION.


C51 COMPILATION COMPLETE.  0 WARNING(S),  0 ERROR(S)
