C51 COMPILER V9.60.7.0   IRED                                                              11/11/2023 13:00:55 PAGE 1   


C51 COMPILER V9.60.7.0, COMPILATION OF MODULE IRED
OBJECT MODULE PLACED IN .\Objects\ired.obj
COMPILER INVOKED BY: E:\keil1\C51\BIN\C51.EXE USER\ired\ired.c OPTIMIZE(8,SPEED) BROWSE INCDIR(.\USER;.\USER;.\USER\iic;
                    -.\USER\EEPROM;.\USER\time;.\USER\DS18B20;.\USER\DS1302;.\USER\ired) DEBUG OBJECTEXTEND PRINT(.\Listings\ired.lst) TABS(2
                    -) OBJECT(.\Objects\ired.obj)

line level    source

   1          #include "AllHead.h"
   2          
   3          u8 gired_data[4];
   4          
   5          /*******************************************************************************
   6          * 函 数 名         : ired_init
   7          * 函数功能       : 红外端口初始化函数，外部中断0配置 
   8          * 输    入         : 无
   9          * 输    出         : 无
  10          *******************************************************************************/
  11          void ired_init(void)
  12          {
  13   1        IT0 = 1;  //下降沿触发
  14   1        EX0 = 1;  //打开中断0允许
  15   1        EA = 1;   //打开总中断
  16   1        IRED = 1; //初始化端口
  17   1      }
  18          
  19          void ired() interrupt 0  //外部中断0服务函数
  20          {
  21   1        u16 time_cnt = 0;
  22   1        u8 i = 0,j = 0;
  23   1        u8 ired_high_time = 0;
  24   1        
  25   1        if(IRED == 0)
  26   1        {
  27   2          time_cnt = 1000;
  28   2          while((!IRED) && (time_cnt))  //等待引导信号9ms低电平结束，若超过10ms强制退出,若高电平则跳出循环
  29   2          {
  30   3            delay_10us(1);  //延时约10us 10us*1000 = 10000us --> 10ms
  31   3            time_cnt--;
  32   3            if(time_cnt == 0) return; 
  33   3          }
  34   2          if(IRED)  //引导信号9ms低电平已过，进入4.5ms高电平
  35   2          {
  36   3            time_cnt = 500;
  37   3            while((IRED) && (time_cnt)) //等待引导信号4.5ms高电平结束，若超过5ms强制退出
  38   3            {
  39   4              delay_10us(1); //延时约10us 10us*500 = 5000us --> 5ms
  40   4              time_cnt--;
  41   4              if(time_cnt == 0) return;
  42   4            }
  43   3            for(i = 0;i < 4;i++)  //循环4次，读取4个字节数据(地址码、地址反码、控制码、控制反码)
  44   3            {
  45   4              for(j = 0;j < 8;j++) //循环8次读取每位数据即一个字节
  46   4              {
  47   5                time_cnt = 600;
  48   5                while((!IRED) && (time_cnt)) //等待数据1或0前面的0.56ms结束，若超过6ms强制退出
  49   5                {
  50   6                  delay_10us(1);  //延时约10us 10us*600 = 6000us --> 6ms
  51   6                  time_cnt--;
  52   6                  if(time_cnt == 0) return;
  53   6                }
C51 COMPILER V9.60.7.0   IRED                                                              11/11/2023 13:00:55 PAGE 2   

  54   5                while(IRED)  //等待数据1或0后面的高电平结束，若超过2ms强制退出
  55   5                {
  56   6                  delay_10us(10);  //约0.1ms 100us*20 == 2000us --> 2ms
  57   6                  ired_high_time++;
  58   6                  if(ired_high_time > 20) return;
  59   6                }
  60   5                gired_data[i] >>=1; //数据是先传低位再传高位，所以接收到的低位数据需要往右移一位
  61   5                if(ired_high_time >= 8) //如果高电平时间大于0.8ms，数据则为1，否则为0
  62   5                  gired_data[i] |= 0x80; //如果高电平时间大于0.8ms则接收到的数据为1，或上0x80相当于取出最高位的数据
  63   5                                         //接着向右移动一位
  64   5                ired_high_time = 0; //重新清零，等待下一次计算时间
  65   5              }
  66   4            }
  67   3          }
  68   2          if(gired_data[2] != ~gired_data[3]) //校验控制码与反码，错误则返回
  69   2          {
  70   3            for(i = 0;i < 4;i++)
  71   3            gired_data[i] = 0; //接收到的数据清0
  72   3            return;
  73   3          }
  74   2        }
  75   1      }


MODULE INFORMATION:   STATIC OVERLAYABLE
   CODE SIZE        =    309    ----
   CONSTANT SIZE    =   ----    ----
   XDATA SIZE       =   ----    ----
   PDATA SIZE       =   ----    ----
   DATA SIZE        =      4       5
   IDATA SIZE       =   ----    ----
   BIT SIZE         =   ----    ----
END OF MODULE INFORMATION.


C51 COMPILATION COMPLETE.  0 WARNING(S),  0 ERROR(S)
