C51 COMPILER V9.60.7.0   SMG                                                               11/11/2023 13:00:53 PAGE 1   


C51 COMPILER V9.60.7.0, COMPILATION OF MODULE SMG
OBJECT MODULE PLACED IN .\Objects\smg.obj
COMPILER INVOKED BY: E:\keil1\C51\BIN\C51.EXE USER\smg.c OPTIMIZE(8,SPEED) BROWSE INCDIR(.\USER;.\USER;.\USER\iic;.\USER
                    -\EEPROM;.\USER\time;.\USER\DS18B20;.\USER\DS1302;.\USER\ired) DEBUG OBJECTEXTEND PRINT(.\Listings\smg.lst) TABS(2) OBJEC
                    -T(.\Objects\smg.obj)

line level    source

   1          #include "AllHead.h"
   2          
   3          ////数码管显示缓存区
   4          //u8 smg_Buf[9] = {0,10,10,10,10,10,10,10,10};
   5          ////数码管段码表
   6          //u8 gsmg_code[]={0x3F,0x06,0x5B,0x4F,0x66,0x6D,0x7D,0x07,0x7F,0x6F,0x00,0x40}; 
   7          //                                    //定义数组存放0-F段码,gsmg中g代表全局变量
   8          
   9          u8 gsmg_code[17]={0x3f,0x06,0x5b,0x4f,0x66,0x6d,0x7d,0x07,
  10                            0x7f,0x6f,0x77,0x7c,0x39,0x5e,0x79,0x71};//定义数组存放0-F段码,gsmg中g代表全局变量
  11          
  12          /**
  13            * @brief  设置显示缓存区
  14            * @param  Location 要设置的位置，范围：1~8
  15            * @param  Number 要设置的数字，范围：段码表索引范围
  16            * @retval 无
  17            */
  18          /*void smg_SetBuf(u8 location,u8 number)
  19          {
  20            smg_Buf[location] = number; //将某个位置的数码管改成某个数字
  21          }*/
  22                        
  23          /********************************************
  24          * 函 数 名 : smg_display
  25          * 函数功能 : 动态数码管显示
  26          *********************************************/
  27          /*void smg_display(u8 location,u8 number)
  28          {
  29              SMG_A_DP_PORT = 0x00;         //消影
  30              switch(location)
  31              {
  32                case 1: LSC = 1;LSB = 1;LSA = 1;break; //Y7 LED8 板子从左边数第一个数码管
  33                case 2: LSC = 1;LSB = 1;LSA = 0;break; //Y6 LED7 板子从左边数第二个数码管
  34                case 3: LSC = 1;LSB = 0;LSA = 1;break; //Y5 LED6 板子从左边数第三个数码管
  35                case 4: LSC = 1;LSB = 0;LSA = 0;break; //Y4 LED5 板子从左边数第四个数码管
  36                case 5: LSC = 0;LSB = 1;LSA = 1;break; //Y3 LED4 板子从左边数第五个数码管
  37                case 6: LSC = 0;LSB = 1;LSA = 0;break; //Y2 LED3 板子从左边数第六个数码管
  38                case 7: LSC = 0;LSB = 0;LSA = 1;break; //Y1 LED2 板子从左边数第七个数码管
  39                case 8: LSC = 0;LSB = 0;LSA = 0;break; //Y0 LED1 板子从左边数第八个数码管
  40              }
  41              SMG_A_DP_PORT = gsmg_code[number]; //传输段选数据
  42          }*/
  43          
  44          /**
  45            * @brief  数码管驱动函数，在中断中调用
  46            * @param  无
  47            * @retval 无
  48            */
  49          /*void smg_loop(void)
  50          {
  51            static u8 i = 1;
  52            smg_display(i,smg_Buf[i]);
  53            i++;
C51 COMPILER V9.60.7.0   SMG                                                               11/11/2023 13:00:53 PAGE 2   

  54            if(i > 8)
  55              i = 1;
  56          }*/
  57          
  58          /*******************************************************************************
  59          * 函 数 名       : smg_display
  60          * 函数功能         : 动态数码管显示
  61          * 输    入       : dat：要显示的数据
  62                             location：从左开始第几个位置开始显示，范围1-8
  63          * 输    出       : 无
  64          *******************************************************************************/
  65          void smg_display(u8 dat[], u8 location)
  66          {
  67   1        u8 i = 0;
  68   1        u8 location_temp = location - 1;
  69   1        for(i = location_temp; i < 8;i++)
  70   1        {
  71   2          switch(i)
  72   2          {
  73   3            case 0: LSC = 1;LSB = 1;LSA = 1;break; //Y7 LED8 板子从左边数第一个数码管
  74   3            case 1: LSC = 1;LSB = 1;LSA = 0;break; //Y6 LED7 板子从左边数第二个数码管
  75   3            case 2: LSC = 1;LSB = 0;LSA = 1;break; //Y5 LED6 板子从左边数第三个数码管
  76   3            case 3: LSC = 1;LSB = 0;LSA = 0;break; //Y4 LED5 板子从左边数第四个数码管
  77   3            case 4: LSC = 0;LSB = 1;LSA = 1;break; //Y3 LED4 板子从左边数第五个数码管
  78   3            case 5: LSC = 0;LSB = 1;LSA = 0;break; //Y2 LED3 板子从左边数第六个数码管
  79   3            case 6: LSC = 0;LSB = 0;LSA = 1;break; //Y1 LED2 板子从左边数第七个数码管
  80   3            case 7: LSC = 0;LSB = 0;LSA = 0;break; //Y0 LED1 板子从左边数第八个数码管
  81   3          }
  82   2          SMG_A_DP_PORT = dat[i - location_temp]; //传送段选数据
  83   2          delay_10us(100);//延时一段时间，等待显示稳定
  84   2          SMG_A_DP_PORT=0x00;//消音
  85   2        }
  86   1      }
  87          
  88          


MODULE INFORMATION:   STATIC OVERLAYABLE
   CODE SIZE        =    146    ----
   CONSTANT SIZE    =   ----    ----
   XDATA SIZE       =   ----    ----
   PDATA SIZE       =   ----    ----
   DATA SIZE        =     17       5
   IDATA SIZE       =   ----    ----
   BIT SIZE         =   ----    ----
END OF MODULE INFORMATION.


C51 COMPILATION COMPLETE.  0 WARNING(S),  0 ERROR(S)
