C51 COMPILER V9.60.7.0   STEP_MOTOR                                                        11/11/2023 13:00:54 PAGE 1   


C51 COMPILER V9.60.7.0, COMPILATION OF MODULE STEP_MOTOR
OBJECT MODULE PLACED IN .\Objects\step_motor.obj
COMPILER INVOKED BY: E:\keil1\C51\BIN\C51.EXE USER\step_motor.c OPTIMIZE(8,SPEED) BROWSE INCDIR(.\USER;.\USER;.\USER\iic
                    -;.\USER\EEPROM;.\USER\time;.\USER\DS18B20;.\USER\DS1302;.\USER\ired) DEBUG OBJECTEXTEND PRINT(.\Listings\step_motor.lst)
                    - TABS(2) OBJECT(.\Objects\step_motor.obj)

line level    source

   1          #include "AllHead.h"
   2          
   3          
   4          /*******************************************************************************
   5          * 函 数 名 : step_motor_28BYJ48_send_pulse
   6          * 函数功能 : 输出一个数据给 ULN2003 从而实现向步进电机发送一个脉冲
   7          * 输 入 : step：指定步进序号，可选值 0~7
   8          dir：方向选择,1：逆时针, 0：顺时针
   9          * 输 出 : 无
  10          *******************************************************************************/
  11          /*void step_motor_28BYJ48_send_pluse(u8 step, u8 dir)
  12          {
  13            u8 temp = step;
  14            if(dir == 0)            //如果为顺时针旋转
  15              temp = 7 - step;      //调换节拍信号
  16            switch(temp)            //8 个节拍控制：D->DC->C->CB->B->BA->A->DA(高电平驱动)
  17            {      //步进电机为低电平驱动，但是ULN2003芯片控制步进电机管脚,相当于非门，所以高电平才能驱动步进电机
  18                                    
  19              case 0: IN4_A = 0;IN3_B = 0;IN2_C = 0;IN1_D = 1; break; //D
  20              case 1: IN4_A = 0;IN3_B = 0;IN2_C = 1;IN1_D = 1; break; //DC
  21              case 2: IN4_A = 0;IN3_B = 0;IN2_C = 1;IN1_D = 0; break; //C
  22              case 3: IN4_A = 0;IN3_B = 1;IN2_C = 1;IN1_D = 0; break; //CB
  23              case 4: IN4_A = 0;IN3_B = 1;IN2_C = 0;IN1_D = 0; break; //B
  24              case 5: IN4_A = 1;IN3_B = 1;IN2_C = 0;IN1_D = 0; break; //BA
  25              case 6: IN4_A = 1;IN3_B = 0;IN2_C = 0;IN1_D = 0; break; //A
  26              case 7: IN4_A = 1;IN3_B = 0;IN2_C = 0;IN1_D = 1; break; //DA
  27            }
  28          }*/
  29          


MODULE INFORMATION:   STATIC OVERLAYABLE
   CODE SIZE        =   ----    ----
   CONSTANT SIZE    =   ----    ----
   XDATA SIZE       =   ----    ----
   PDATA SIZE       =   ----    ----
   DATA SIZE        =   ----    ----
   IDATA SIZE       =   ----    ----
   BIT SIZE         =   ----    ----
END OF MODULE INFORMATION.


C51 COMPILATION COMPLETE.  0 WARNING(S),  0 ERROR(S)
