C51 COMPILER V9.59.0.0   DELAY                                                             10/10/2023 18:53:09 PAGE 1   


C51 COMPILER V9.59.0.0, COMPILATION OF MODULE DELAY
OBJECT MODULE PLACED IN .\Objects\delay.obj
COMPILER INVOKED BY: C:\Keil_v5\C51\BIN\C51.EXE user\src\delay.c OPTIMIZE(8,SPEED) BROWSE INCDIR(.\user\inc;C:\Keil_v5\C
                    -51\INC) DEBUG OBJECTEXTEND PRINT(.\Listings\delay.lst) TABS(2) OBJECT(.\Objects\delay.obj)

line level    source

   1          //#include <reg52.h>
   2          //#include <intrins.h>
   3          //#include "delay.h"
   4          
   5          //void Delay500ms()   //@11.0592MHz
   6          //{
   7          //  unsigned char i, j, k;
   8          
   9          //  _nop_();
  10          //  i = 4;
  11          //  j = 129;
  12          //  k = 119;
  13          //  do
  14          //  {
  15          //    do
  16          //    {
  17          //      while (--k);
  18          //    } while (--j);
  19          //  } while (--i);
  20          //}
  21          
  22          //void Delay200ms()   //@11.0592MHz
  23          //{
  24          //  unsigned char i, j, k;
  25          
  26          //  _nop_();
  27          //  i = 2;
  28          //  j = 103;
  29          //  k = 147;
  30          //  do
  31          //  {
  32          //    do
  33          //    {
  34          //      while (--k);
  35          //    } while (--j);
  36          //  } while (--i);
  37          //}
  38          //void Delay1ms()   //@11.0592MHz
  39          //{
  40          //  unsigned char data i, j;
  41          
  42          //  _nop_();
  43          //  i = 2;
  44          //  j = 199;
  45          //  do
  46          //  {
  47          //    while (--j);
  48          //  } while (--i);
  49          //}
  50          //void Delay50ms()    //@11.0592MHz
  51          //{
  52          //  unsigned char data i, j;
  53          
  54          //  i = 90;
C51 COMPILER V9.59.0.0   DELAY                                                             10/10/2023 18:53:09 PAGE 2   

  55          //  j = 163;
  56          //  do
  57          //  {
  58          //    while (--j);
  59          //  } while (--i);
  60          //}
  61          
  62          //void Delay50us()    //@11.0592MHz
  63          //{
  64          //  unsigned char data i;
  65          
  66          //  _nop_();
  67          //  i = 20;
  68          //  while (--i);
  69          //}


MODULE INFORMATION:   STATIC OVERLAYABLE
   CODE SIZE        =   ----    ----
   CONSTANT SIZE    =   ----    ----
   XDATA SIZE       =   ----    ----
   PDATA SIZE       =   ----    ----
   DATA SIZE        =   ----    ----
   IDATA SIZE       =   ----    ----
   BIT SIZE         =   ----    ----
END OF MODULE INFORMATION.


C51 COMPILATION COMPLETE.  0 WARNING(S),  0 ERROR(S)
