C51 COMPILER V9.60.7.0   MAIN                                                              10/10/2023 23:39:59 PAGE 1   


C51 COMPILER V9.60.7.0, COMPILATION OF MODULE MAIN
OBJECT MODULE PLACED IN .\Objects\main.obj
COMPILER INVOKED BY: E:\keil1\C51\BIN\C51.EXE user\src\main.c OPTIMIZE(8,SPEED) BROWSE INCDIR(.\user\inc;C:\Keil_v5\C51\
                    -INC) DEBUG OBJECTEXTEND PRINT(.\Listings\main.lst) TABS(2) OBJECT(.\Objects\main.obj)

line level    source

   1          #include <reg52.h>
   2          #include "key.h"
   3          
   4          #define LED_SMG_PORT  P0 //定义LED和数码管端口
   5          
   6          sbit ADDR0 = P1^0;
   7          sbit ADDR1 = P1^1;
   8          sbit ADDR2 = P1^2;
   9          sbit ADDR3 = P1^3;
  10          sbit ENLED = P1^4;
  11          
  12          u8 code KeyCode[] = {
  13                                0xE7,0xD7,0xB7,0x77,
  14                                0xEB,0xDB,0xBB,0x7B,
  15                                0xED,0xDD,0xBD,0x7D,
  16                                0xEE,0xDE,0xBE,0x7E
  17                              }; //对应某一个按键按下的键值(按键键值表)
  18          
  19          u8 code SMG_Char[] = {0xC0,0xF9,0xA4,0xB0,0x99,0x92,0x82,0xF8,0x80,0x90}; //数码管段码0~9
  20          u8 SMG_buff[2] = {0xFF, 0xFF}; //数码管缓冲区
  21          u8 num = NO_KEY;
  22          
  23          void Time0_Init();
  24          void SMG_Dispaly();
  25          
  26          void main()
  27          {
  28   1        u8 key_num = NO_KEY; //按键未按下
  29   1        u8 i;
  30   1        ADDR3 = 1;    //G1(E3) 使能管脚高电平
  31   1        ENLED = 0;    //E1 E2低电平有效
  32   1        Time0_Init(); //定时器0初始化
  33   1        
  34   1        while(1)
  35   1        {
  36   2          key_num = Key_Scan();  //接收键值
  37   2          if(key_num != NO_KEY)  //如果按键按下
  38   2          {
  39   3            for(i = 0; i < 16; i++) 
  40   3            {
  41   4              if(key_num == KeyCode[i]) //表示某一个按键按下
  42   4              {
  43   5                num = i; //把按键键值表中对应的位置取出来赋给num
  44   5                break;
  45   5              }
  46   4            }
  47   3          }
  48   2          SMG_buff[0] = SMG_Char[(num + 1) % 10]; //按键值与数码管上显示的数相对应(所以要num + 1)
  49   2          SMG_buff[1] = SMG_Char[(num + 1) / 10];
  50   2        }
  51   1      }
  52          
  53          void Time0_Init()
  54          {
C51 COMPILER V9.60.7.0   MAIN                                                              10/10/2023 23:39:59 PAGE 2   

  55   1          EA = 1;        //开启总中断
  56   1          TMOD &= 0xF0;  //设置定时器模式
  57   1          TMOD |= 0x01;  //定时器模式1
  58   1          TH0 = 0XFC;    //定时1毫秒
  59   1          TL0 = 0x66;
  60   1          ET0 = 1;       //使能定时器0中断
  61   1          TR0 = 1;       //启动定时器0
  62   1      }
  63          
  64          void SMG_Dispaly()
  65          {
  66   1        static u8 i = 0; //动态扫描的索引
  67   1        //以下代码完成数码管动态刷新
  68   1        LED_SMG_PORT = 0xFF; //消隐
  69   1        switch(i)
  70   1        {
  71   2          case 0: ADDR2 = 0;ADDR1 = 0;ADDR0 = 0;i++; LED_SMG_PORT = SMG_buff[0];break;
  72   2          case 1: ADDR2 = 0;ADDR1 = 0;ADDR0 = 1;i=0; LED_SMG_PORT = SMG_buff[1];break;
  73   2          default:break;
  74   2        }
  75   1      }
  76          
  77          void time0() interrupt 1
  78          {
  79   1        TH0 = 0xFC; //重载初值
  80   1        TL0 = 0x66;
  81   1        if(num != NO_KEY) //按键按下才在数码管上表示数值
  82   1          SMG_Dispaly();
  83   1      }


MODULE INFORMATION:   STATIC OVERLAYABLE
   CODE SIZE        =    171    ----
   CONSTANT SIZE    =     26    ----
   XDATA SIZE       =   ----    ----
   PDATA SIZE       =   ----    ----
   DATA SIZE        =      4       1
   IDATA SIZE       =   ----    ----
   BIT SIZE         =   ----    ----
END OF MODULE INFORMATION.


C51 COMPILATION COMPLETE.  0 WARNING(S),  0 ERROR(S)
