C51 COMPILER V9.60.7.0   DELAY                                                             09/23/2023 18:09:20 PAGE 1   


C51 COMPILER V9.60.7.0, COMPILATION OF MODULE DELAY
OBJECT MODULE PLACED IN .\Objects\Delay.obj
COMPILER INVOKED BY: E:\keil1\C51\BIN\C51.EXE APP\Delay\Delay.c OPTIMIZE(8,SPEED) BROWSE INCDIR(.\APP\key;.\APP\Delay) D
                    -EBUG OBJECTEXTEND PRINT(.\Listings\Delay.lst) TABS(2) OBJECT(.\Objects\Delay.obj)

line level    source

   1          //#include <reg52.h>
   2          //#include "Delay.h"
   3          
   4          //void Delay_ms(u8 xms)   //@11.0592MHz
   5          //{
   6          //  u8 data i, j;
   7          //  while(xms--)
   8          //  {
   9          //    i = 2;
  10          //    j = 199;
  11          //    do
  12          //    {
  13          //      while (--j);
  14          //    } while (--i);
  15          //  }
  16          //}


MODULE INFORMATION:   STATIC OVERLAYABLE
   CODE SIZE        =   ----    ----
   CONSTANT SIZE    =   ----    ----
   XDATA SIZE       =   ----    ----
   PDATA SIZE       =   ----    ----
   DATA SIZE        =   ----    ----
   IDATA SIZE       =   ----    ----
   BIT SIZE         =   ----    ----
END OF MODULE INFORMATION.


C51 COMPILATION COMPLETE.  0 WARNING(S),  0 ERROR(S)
