C51 COMPILER V9.60.7.0   LED                                                               09/21/2023 17:13:30 PAGE 1   


C51 COMPILER V9.60.7.0, COMPILATION OF MODULE LED
OBJECT MODULE PLACED IN .\Objects\LED.obj
COMPILER INVOKED BY: E:\keil1\C51\BIN\C51.EXE APP\LED\LED.c OPTIMIZE(8,SPEED) BROWSE INCDIR(.\APP\time;.\APP\smg;.\APP\L
                    -ED;.\APP) DEBUG OBJECTEXTEND PRINT(.\Listings\LED.lst) TABS(2) OBJECT(.\Objects\LED.obj)

line level    source

   1          #include "AllHead.h"
   2          
   3          void LED_Contral(u8 dir)
   4          {
   5   1        
   6   1        if(dir == 0)
   7   1        {
   8   2          static u8 Led_state = 0x01;
   9   2          Led_Buff[6] = ~Led_state;
  10   2          Led_state <<= 1;
  11   2          if(Led_state == 0)
  12   2          {
  13   3            Led_state = 0x01;
  14   3          }
  15   2        }
  16   1        if(dir == 1)
  17   1        {
  18   2          static u8 Led_state = 0x80;
  19   2          Led_Buff[6] = ~Led_state;
  20   2          Led_state >>= 1;
  21   2          if(Led_state == 0)
  22   2          {
  23   3            Led_state = 0x80;
  24   3          }
  25   2        }
  26   1      }
  27           


MODULE INFORMATION:   STATIC OVERLAYABLE
   CODE SIZE        =     39    ----
   CONSTANT SIZE    =   ----    ----
   XDATA SIZE       =   ----    ----
   PDATA SIZE       =   ----    ----
   DATA SIZE        =      2    ----
   IDATA SIZE       =   ----    ----
   BIT SIZE         =   ----    ----
END OF MODULE INFORMATION.


C51 COMPILATION COMPLETE.  0 WARNING(S),  0 ERROR(S)
