C51 COMPILER V9.60.7.0   SMG                                                               09/21/2023 16:57:53 PAGE 1   


C51 COMPILER V9.60.7.0, COMPILATION OF MODULE SMG
OBJECT MODULE PLACED IN .\Objects\smg.obj
COMPILER INVOKED BY: E:\keil1\C51\BIN\C51.EXE APP\smg\smg.c OPTIMIZE(8,SPEED) BROWSE INCDIR(.\APP\time;.\APP\smg;.\APP\L
                    -ED;.\APP) DEBUG OBJECTEXTEND PRINT(.\Listings\smg.lst) TABS(2) OBJECT(.\Objects\smg.obj)

line level    source

   1          #include "AllHead.h"
   2          u8 gsmg[10]= {0xc0,0xf9,0xa4,0xb0,0x99,0x92,0x82,0xf8,0x80,0x90}; //æ•°ç ç®¡1-9
   3          u8 Led_Buff[7] = {0XFF,0XFF,0XFF,0XFF,0XFF,0XFF,0XFF}; //æ•°ç ç®¡ç¼“å­˜åŒºï¼Œåˆå€¼0xFF,ç¡®ä¿å¯åŠ¨æ—¶éƒ
             -½ä¸äº®
   4          void smg_display()
   5          {
   6   1        static u8 i = 0;       //åŠ¨æ€æ‰«æçš„ç´¢å¼•
   7   1        //ä»¥ä¸‹ä»£ç å®Œæˆæ•°ç ç®¡åŠ¨æ€åˆ·æ–°
   8   1        LED_SMG_PORT = 0xFF; //æ¶ˆéš
   9   1        switch(i)
  10   1        {
  11   2          case 0: ADDR2 = 0;ADDR1 = 0;ADDR0 = 0;i++;LED_SMG_PORT = Led_Buff[0];break;
  12   2          case 1: ADDR2 = 0;ADDR1 = 0;ADDR0 = 1;i++;LED_SMG_PORT = Led_Buff[1];break;
  13   2          case 2: ADDR2 = 0;ADDR1 = 1;ADDR0 = 0;i++;LED_SMG_PORT = Led_Buff[2];break;
  14   2          case 3: ADDR2 = 0;ADDR1 = 1;ADDR0 = 1;i++;LED_SMG_PORT = Led_Buff[3];break;
  15   2          case 4: ADDR2 = 1;ADDR1 = 0;ADDR0 = 0;i++;LED_SMG_PORT = Led_Buff[4];break;
  16   2          case 5: ADDR2 = 1;ADDR1 = 0;ADDR0 = 1;i++;LED_SMG_PORT = Led_Buff[5];break;
  17   2          case 6: ADDR2 = 1;ADDR1 = 1;ADDR0 = 0;i=0;LED_SMG_PORT = Led_Buff[6];break; //ç‚¹äº®LEDéœ€è¦ä½¿èƒ½LEDS6
  18   2          default:break;
  19   2        }
  20   1      }
  21          void smg_show()
  22          {
  23   1        static u8 hour,min,sec; //æ—¶åˆ†ç§’
  24   1        Led_Buff[0] = gsmg[sec % 10]; //ç§’ä¸ªä½
  25   1        Led_Buff[1] = gsmg[sec / 10]; //ç§’åä½
  26   1        Led_Buff[2] = gsmg[min % 10]; //åˆ†ä¸ªä½
  27   1        Led_Buff[3] = gsmg[min / 10]; //åˆ†åä½
  28   1        Led_Buff[4] = gsmg[hour % 10];//å°æ—¶ä¸ªä½
  29   1        Led_Buff[5] = gsmg[hour / 10];//æ—¶åä½
  30   1        sec++;
  31   1        if(sec >= 60)
  32   1        {
  33   2          sec = 0;
  34   2          min++;
  35   2          if(min >= 60)
  36   2          {
  37   3            min = 0;
  38   3            hour++;
  39   3            if(hour >= 24)
  40   3            {
  41   4              hour = 0;
  42   4            }
  43   3          }
  44   2        }
  45   1          
  46   1      }


MODULE INFORMATION:   STATIC OVERLAYABLE
   CODE SIZE        =    236    ----
   CONSTANT SIZE    =   ----    ----
   XDATA SIZE       =   ----    ----
   PDATA SIZE       =   ----    ----
C51 COMPILER V9.60.7.0   SMG                                                               09/21/2023 16:57:53 PAGE 2   

   DATA SIZE        =     21    ----
   IDATA SIZE       =   ----    ----
   BIT SIZE         =   ----    ----
END OF MODULE INFORMATION.


C51 COMPILATION COMPLETE.  0 WARNING(S),  0 ERROR(S)
