C51 COMPILER V9.60.7.0   TIME                                                              09/21/2023 12:59:56 PAGE 1   


C51 COMPILER V9.60.7.0, COMPILATION OF MODULE TIME
OBJECT MODULE PLACED IN .\Objects\time.obj
COMPILER INVOKED BY: E:\keil1\C51\BIN\C51.EXE APP\time\time.c OPTIMIZE(8,SPEED) BROWSE INCDIR(.\APP\time;.\APP\smg;.\APP
                    -\LED;.\APP) DEBUG OBJECTEXTEND PRINT(.\Listings\time.lst) TABS(2) OBJECT(.\Objects\time.obj)

line level    source

   1          #include "AllHead.h"
   2          /* -------------------------------- begin  ------------------------------ */
   3          /**
   4            * @хЗ╜цХ░хРН:  Time0_Init
   5            * @хКЯшГ╜ : хоЪцЧ╢хЩи0ф╕нцЦнщЕНч╜охЗ╜цХ░я╝МщАЪш┐Зшо╛ч╜о TH хТМ TL хН│хПпчбохоЪхоЪцЧ╢цЧ╢щЧ┤(ф╜┐чФих╖ехЕ╖х
             -ПпчбохоЪTH ф╕ОTLчЪДхА╝)
   6            * @ш┐ФхЫЮхА╝: цЧа                                                   цЩ╢цМпщвСчОЗф╕║11.0592
   7           **/
   8          /* -------------------------------- end -------------------------------- */
   9          void Time0_Init()
  10          {
  11   1        EA = 1;        //х╝АхРпцА╗ф╕нцЦн
  12   1        TMOD &= 0xF0;  //шо╛ч╜охоЪцЧ╢хЩицибх╝П
  13   1        TMOD |= 0x01;  //хоЪцЧ╢хЩицибх╝П1
  14   1        TH0 = 0XFC;    //хоЪцЧ╢1цплчзТ
  15   1        TL0 = 0x66;
  16   1        ET0 =1;        //ф╜┐шГ╜хоЪцЧ╢хЩи0ф╕нцЦн
  17   1        TR0 = 1;       //хРпхКихоЪцЧ╢хЩи0
  18   1      }


MODULE INFORMATION:   STATIC OVERLAYABLE
   CODE SIZE        =     19    ----
   CONSTANT SIZE    =   ----    ----
   XDATA SIZE       =   ----    ----
   PDATA SIZE       =   ----    ----
   DATA SIZE        =   ----    ----
   IDATA SIZE       =   ----    ----
   BIT SIZE         =   ----    ----
END OF MODULE INFORMATION.


C51 COMPILATION COMPLETE.  0 WARNING(S),  0 ERROR(S)
