*** Using Compiler 'V6.18', folder: 'E:\keil1\ARM\ARMCLANG\Bin'
Rebuild target 'temple'
compiling stm32f1xx_it.c...
compiling adc.c...
compiling dma.c...
compiling stm32f1xx_hal.c...
compiling stm32f1xx_hal_gpio_ex.c...
compiling tim.c...
compiling gpio.c...
compiling stm32f1xx_hal_msp.c...
assembling startup_stm32f103xb.s...
compiling main.c...
compiling stm32f1xx_hal_rcc_ex.c...
compiling usart.c...
compiling stm32f1xx_hal_gpio.c...
compiling stm32f1xx_hal_adc_ex.c...
compiling stm32f1xx_hal_adc.c...
compiling stm32f1xx_hal_rcc.c...
compiling stm32f1xx_hal_dma.c...
compiling stm32f1xx_hal_cortex.c...
compiling stm32f1xx_hal_pwr.c...
compiling stm32f1xx_hal_flash.c...
compiling stm32f1xx_hal_exti.c...
compiling stm32f1xx_hal_flash_ex.c...
compiling system_stm32f1xx.c...
compiling LED.c...
compiling KEY.c...
compiling Encoder.c...
compiling Motor.c...
compiling bsp_UART1.c...
compiling PID.c...
compiling infrared.c...
compiling stm32f1xx_hal_tim_ex.c...
compiling stm32f1xx_hal_uart.c...
compiling bsp_UART3.c...
compiling bsp_IIC.c...
compiling OLED.c...
compiling stm32f1xx_hal_tim.c...
compiling Menu.c...
compiling bsp_ADC.c...
compiling bsp_UART2.c...
compiling Voice.c...
compiling Relay.c...
compiling System.c...
compiling System_Init.c...
compiling Task.c...
compiling Public.c...
compiling CallBack.c...
linking...
Program Size: Code=51008 RO-data=3148 RW-data=456 ZI-data=2744  
FromELF: creating hex file...
"temple\temple.axf" - 0 Error(s), 0 Warning(s).
Build Time Elapsed:  00:00:02
