C51 COMPILER V9.60.7.0   MAIN                                                              09/28/2023 12:36:57 PAGE 1   


C51 COMPILER V9.60.7.0, COMPILATION OF MODULE MAIN
OBJECT MODULE PLACED IN .\Objects\main.obj
COMPILER INVOKED BY: E:\keil1\C51\BIN\C51.EXE USER\main.c OPTIMIZE(8,SPEED) BROWSE INCDIR(.\APP) DEBUG OBJECTEXTEND PRIN
                    -T(.\Listings\main.lst) TABS(2) OBJECT(.\Objects\main.obj)

line level    source

   1          #include <reg52.h>
   2          #include "KEY.h"
   3          
   4          sbit ADDR0 = P1^0;
   5          sbit ADDR1 = P1^1;
   6          sbit ADDR2 = P1^2;
   7          sbit ADDR3 = P1^3;
   8          sbit ENLED = P1^4;
   9          
  10          void main()
  11          {
  12   1        LED2 = 1; //先让LED熄灭
  13   1        LED3 = 1;
  14   1        LED4 = 1;
  15   1        LED5 = 1;
  16   1        
  17   1        ENLED = 0; //使能LEDS6
  18   1        ADDR3 = 1;
  19   1        ADDR2 = 1;
  20   1        ADDR1 = 1;
  21   1        ADDR0 = 0;
  22   1        
  23   1        EA = 1;         //使能总中断
  24   1        TMOD |= 0x01;   //设置 T0 为模式 1
  25   1        TH0 = 0xF8;     //定时2ms
  26   1        TL0 = 0xCD;
  27   1        ET0 = 1;        //使能 T0 中断
  28   1        TR0 = 1;        //启动 T0
  29   1        
  30   1        while(1)
  31   1        {
  32   2          Key_Driver();  //按键驱动函数
  33   2          Key_Handler(); //按键处理函数
  34   2        }
  35   1      }
  36          
  37          /* 定时器0中断服务函数 */
  38          void time0() interrupt 1
  39          {
  40   1        TH0 = 0xF8; //重载初值
  41   1        TL0 = 0xCD;
  42   1        Key_Scan(); //调用按键扫描函数
  43   1      }


MODULE INFORMATION:   STATIC OVERLAYABLE
   CODE SIZE        =    106    ----
   CONSTANT SIZE    =   ----    ----
   XDATA SIZE       =   ----    ----
   PDATA SIZE       =   ----    ----
   DATA SIZE        =   ----    ----
   IDATA SIZE       =   ----    ----
   BIT SIZE         =   ----    ----
END OF MODULE INFORMATION.

C51 COMPILER V9.60.7.0   MAIN                                                              09/28/2023 12:36:57 PAGE 2   


C51 COMPILATION COMPLETE.  0 WARNING(S),  0 ERROR(S)
