C51 COMPILER V9.60.7.0   KEY                                                               10/10/2023 16:09:20 PAGE 1   


C51 COMPILER V9.60.7.0, COMPILATION OF MODULE KEY
OBJECT MODULE PLACED IN .\Objects\key.obj
COMPILER INVOKED BY: E:\keil1\C51\BIN\C51.EXE user\src\key.c OPTIMIZE(8,SPEED) BROWSE INCDIR(.\user\inc;C:\Keil_v5\C51\I
                    -NC) DEBUG OBJECTEXTEND PRINT(.\Listings\key.lst) TABS(2) OBJECT(.\Objects\key.obj)

line level    source

   1          #include <reg52.h>
   2          #include "key.h"
   3          #include "delay.h"
   4          
   5          
   6          
   7          u8 Key_sta = 0; //允许识别按键
   8          u8 Key_Scan()
   9          {
  10   1        static u8 key1 = NO_KEY4, key2, key3;
  11   1        u8 key;
  12   1        static u8 timer = 0;
  13   1        KeyOut1 =0;
  14   1        KeyIn1 = 1;
  15   1        KeyIn2 = 1;
  16   1        KeyIn3 = 1;
  17   1        KeyIn4 = 1;
  18   1        key3 = key2;
  19   1        key2 = key1;
  20   1        timer++;
  21   1        if((1 == Key_sta) && (0 == KeyIn1) || (0 == KeyIn2) || (0 == KeyIn3)|| (0 == KeyIn4))
  22   1        {
  23   2          if(KeyIn1 == 0)
  24   2          {
  25   3            key1 = KEY1;
  26   3          }
  27   2          else if(KeyIn2 == 0)
  28   2          {
  29   3            key1 = KEY2;
  30   3          }
  31   2          else if(KeyIn3 == 0)
  32   2          {
  33   3            key1 = KEY3;
  34   3          }
  35   2          else if(KeyIn4 == 0)
  36   2          {
  37   3            key1 = KEY4;
  38   3          }
  39   2          if(3 == timer)
  40   2          {
  41   3            timer = 0;
  42   3            Key_sta = 0;
  43   3            key = key1;
  44   3          }
  45   2        }
  46   1        else if((KeyIn1 == 1) && (KeyIn2 == 1) && (KeyIn3 == 1) && (KeyIn4 == 1))
  47   1        {
  48   2          Key_sta = 1;
  49   2          timer = 0;
  50   2        }
  51   1        return key;
  52   1      }


C51 COMPILER V9.60.7.0   KEY                                                               10/10/2023 16:09:20 PAGE 2   

MODULE INFORMATION:   STATIC OVERLAYABLE
   CODE SIZE        =     97    ----
   CONSTANT SIZE    =   ----    ----
   XDATA SIZE       =   ----    ----
   PDATA SIZE       =   ----    ----
   DATA SIZE        =      5    ----
   IDATA SIZE       =   ----    ----
   BIT SIZE         =   ----    ----
END OF MODULE INFORMATION.


C51 COMPILATION COMPLETE.  0 WARNING(S),  0 ERROR(S)
