C51 COMPILER V9.60.7.0   MAIN                                                              10/10/2023 16:03:35 PAGE 1   


C51 COMPILER V9.60.7.0, COMPILATION OF MODULE MAIN
OBJECT MODULE PLACED IN .\Objects\main.obj
COMPILER INVOKED BY: E:\keil1\C51\BIN\C51.EXE user\src\main.c OPTIMIZE(8,SPEED) BROWSE INCDIR(.\user\inc;C:\Keil_v5\C51\
                    -INC) DEBUG OBJECTEXTEND PRINT(.\Listings\main.lst) TABS(2) OBJECT(.\Objects\main.obj)

line level    source

   1          #include <reg52.h>
   2          #include "key.h"
   3          #include "delay.h"
   4          sbit ADDR0 = P1^0;
   5          sbit ADDR1 = P1^1;
   6          sbit ADDR2 = P1^2;
   7          sbit ADDR3 = P1^3;
   8          sbit ENLED = P1^4;
   9          
  10          sbit LED1 = P0^0;
  11          sbit LED2 = P0^1;
  12          sbit LED3 = P0^2;
  13          sbit LED4 = P0^3;
  14          
  15          void main()
  16          {
  17   1        u8 Key_Num = NO_KEY4;
  18   1        ADDR0 = 0;
  19   1        ADDR1 = 1;
  20   1        ADDR2 = 1;
  21   1        ADDR3 = 1;
  22   1        ENLED = 0;
  23   1        P0 = 0xFF;
  24   1        while(1)
  25   1        {
  26   2          Key_Num = Key_Scan();
  27   2          if(Key_Num != NO_KEY4)
  28   2          {
  29   3            if(Key_Num == KEY1)
  30   3            {
  31   4              LED1 = !LED1;
  32   4              Delay500ms();
  33   4            }
  34   3            if(Key_Num == KEY2)
  35   3            {
  36   4              LED2 = !LED2;
  37   4              Delay500ms();
  38   4            }
  39   3            if(Key_Num == KEY3)
  40   3            {
  41   4              LED3 = !LED3;
  42   4              Delay500ms();
  43   4            }
  44   3            if(Key_Num == KEY4)
  45   3            {
  46   4              LED4 = !LED4;
  47   4              Delay500ms();
  48   4            }
  49   3          }
  50   2        }
  51   1      }


MODULE INFORMATION:   STATIC OVERLAYABLE
C51 COMPILER V9.60.7.0   MAIN                                                              10/10/2023 16:03:35 PAGE 2   

   CODE SIZE        =     68    ----
   CONSTANT SIZE    =   ----    ----
   XDATA SIZE       =   ----    ----
   PDATA SIZE       =   ----    ----
   DATA SIZE        =   ----       1
   IDATA SIZE       =   ----    ----
   BIT SIZE         =   ----    ----
END OF MODULE INFORMATION.


C51 COMPILATION COMPLETE.  0 WARNING(S),  0 ERROR(S)
