C51 COMPILER V9.60.7.0   LED                                                               10/30/2023 21:44:28 PAGE 1   


C51 COMPILER V9.60.7.0, COMPILATION OF MODULE LED
OBJECT MODULE PLACED IN .\Objects\LED.obj
COMPILER INVOKED BY: E:\keil1\C51\BIN\C51.EXE APP\LED.c OPTIMIZE(8,SPEED) BROWSE INCDIR(.\USER;.\APP) DEBUG OBJECTEXTEND
                    - PRINT(.\Listings\LED.lst) TABS(2) OBJECT(.\Objects\LED.obj)

line level    source

   1          #include "AllHead.h"
   2          
   3          void LED_Flow()
   4          { 
   5   1        static u8 LED_state = 0x01;  // led初始状态
   6   1        
   7   1        ADDR2 = 1;  //A2到A0的值为110，则使Y6为低电平，则LEDS6为低电平，使三极管导通，点亮LED灯
   8   1        ADDR1 = 1;
   9   1        ADDR0 = 0;  
  10   1        
  11   1        LED_SMG_PORT = ~LED_state; //取反赋给LED端口，相当于先点亮第一个LED
  12   1        LED_state <<= 1;     //左移一位
  13   1        if(0 == LED_state)
  14   1        {
  15   2          LED_state = 0x01;  //左移到最低位后重新设置为第一个LED灯
  16   2        }
  17   1      }


MODULE INFORMATION:   STATIC OVERLAYABLE
   CODE SIZE        =     23    ----
   CONSTANT SIZE    =   ----    ----
   XDATA SIZE       =   ----    ----
   PDATA SIZE       =   ----    ----
   DATA SIZE        =      1    ----
   IDATA SIZE       =   ----    ----
   BIT SIZE         =   ----    ----
END OF MODULE INFORMATION.


C51 COMPILATION COMPLETE.  0 WARNING(S),  0 ERROR(S)
