C51 COMPILER V9.60.7.0   MAIN                                                              10/30/2023 22:29:22 PAGE 1   


C51 COMPILER V9.60.7.0, COMPILATION OF MODULE MAIN
OBJECT MODULE PLACED IN .\Objects\main.obj
COMPILER INVOKED BY: E:\keil1\C51\BIN\C51.EXE USER\main.c OPTIMIZE(8,SPEED) BROWSE INCDIR(.\USER;.\APP) DEBUG OBJECTEXTE
                    -ND PRINT(.\Listings\main.lst) TABS(2) OBJECT(.\Objects\main.obj)

line level    source

   1          #include "AllHead.h"
   2          
   3          sbit ADDR3 = P1^3;
   4          sbit ENLED = P1^4;
   5          
   6          sbit KeyOut1 = P2^3;
   7          sbit KeyIn1 = P2^4;
   8          sbit KeyIn2 = P2^5;
   9          
  10          extern u8 SMG_Flag; //调用外部变量所以前面要加extern
  11          
  12          void Delay1ms();   //声明函数
  13          void Delay500ms();
  14          void EXTI0_Init();
  15          void EXTI1_Init();
  16          
  17          void main()
  18          {
  19   1        EXTI0_Init(); //外部中断初始化
  20   1        EXTI1_Init();
  21   1        EA = 1;       //开启总中断
  22   1        ADDR3 = 1;    //使能74HC138芯片
  23   1        ENLED = 0;
  24   1        KeyOut1 = 0;  
  25   1        KeyIn1 = 1;
  26   1        KeyIn2 = 1;
  27   1      
  28   1        while(1);
  29   1        
  30   1      }
  31          
  32          void Delay500ms()   //@11.0592MHz
  33          {
  34   1        unsigned char data i, j, k;
  35   1      
  36   1        _nop_();
  37   1        i = 4;
  38   1        j = 129;
  39   1        k = 119;
  40   1        do
  41   1        {
  42   2          do
  43   2          {
  44   3           if(1 == KeyIn1) //如果按键1抬起
  45   3           {
  46   4              LED_SMG_PORT = 0xFF; //全灭
  47   4           }    
  48   3            while (--k);
  49   3          } while (--j);  
  50   2        } while (--i);
  51   1      }
  52          
  53          void Delay1ms()   //@11.0592MHz
  54          {
C51 COMPILER V9.60.7.0   MAIN                                                              10/30/2023 22:29:22 PAGE 2   

  55   1        unsigned char data i, j;
  56   1      
  57   1        _nop_();
  58   1        i = 2;
  59   1        j = 199;
  60   1        do
  61   1        {
  62   2          while (--j);
  63   2        } while (--i);
  64   1      }
  65          
  66          //外部中断0初始化
  67          void EXTI0_Init()
  68          {
  69   1        EX0 = 1;  //打开外部中断0
  70   1        IT0 = 0;  //低电平触发方式
  71   1        IE0 = 0;  //中断标志位清0
  72   1      }
  73          
  74          //外部中断1初始化
  75          void EXTI1_Init()
  76          {
  77   1        EX1 = 1;  //打开外部中断1
  78   1        IT1 = 0;  //低电平触发方式
  79   1        IE1 = 0;  //中断标志位清0
  80   1      }
  81          
  82          void EXTI0() interrupt 0
  83          {
  84   1        if(0 == KeyIn1) //如果按键1按下
  85   1        {
  86   2          LED_Flow();   //流水灯流动
  87   2          Delay500ms(); //延时500ms
  88   2        }
  89   1      }
  90          
  91          void EXTI1() interrupt 2
  92          {
  93   1        static u8 i;
  94   1        
  95   1        if(0 == KeyIn2) //如果按键2按下
  96   1        {
  97   2          SMG_Flag = 1; //标志位置1
  98   2          for (i = 0; i < 250; i++) 
  99   2          {
 100   3            SMG_Scan();
 101   3            SMG_Dispaly();
 102   3            if (1 == KeyIn2) //如果按键2抬起
 103   3            {
 104   4              LED_SMG_PORT = 0xFF; //全灭
 105   4              return;
 106   4            }
 107   3          }
 108   2        }
 109   1      }
 110          


MODULE INFORMATION:   STATIC OVERLAYABLE
   CODE SIZE        =    217    ----
   CONSTANT SIZE    =   ----    ----
   XDATA SIZE       =   ----    ----
C51 COMPILER V9.60.7.0   MAIN                                                              10/30/2023 22:29:22 PAGE 3   

   PDATA SIZE       =   ----    ----
   DATA SIZE        =      1    ----
   IDATA SIZE       =   ----    ----
   BIT SIZE         =   ----    ----
END OF MODULE INFORMATION.


C51 COMPILATION COMPLETE.  0 WARNING(S),  0 ERROR(S)
