C51 COMPILER V9.60.7.0   MAIN                                                              09/05/2023 10:58:04 PAGE 1   


C51 COMPILER V9.60.7.0, COMPILATION OF MODULE MAIN
OBJECT MODULE PLACED IN .\Objects\main.obj
COMPILER INVOKED BY: E:\keil1\C51\BIN\C51.EXE USER\main.c OPTIMIZE(8,SPEED) BROWSE DEBUG OBJECTEXTEND PRINT(.\Listings\m
                    -ain.lst) TABS(2) OBJECT(.\Objects\main.obj)

line level    source

   1          #include "reg52.h"
   2          sbit LED1 = P2^0;
   3          sbit KEY1 = P3^1;
   4          void Delay(xms)  //@12.000MHz
   5          {
   6   1       unsigned char i, j;
   7   1       while(xms)
   8   1       {
   9   2        i = 2;
  10   2       j = 239;
  11   2       do
  12   2       {
  13   3        while (--j);
  14   3       } while (--i);
  15   2       xms--;
  16   2       }
  17   1      }
  18          void main()
  19          {
  20   1        while(1)
  21   1        {
  22   2          if(KEY1 == 0)
  23   2          {
  24   3            Delay(20);
  25   3            while(KEY1 == 0)
  26   3              Delay(20);
  27   3            LED1 = !LED1;
  28   3          }
  29   2        }
  30   1      }


MODULE INFORMATION:   STATIC OVERLAYABLE
   CODE SIZE        =     41    ----
   CONSTANT SIZE    =   ----    ----
   XDATA SIZE       =   ----    ----
   PDATA SIZE       =   ----    ----
   DATA SIZE        =   ----    ----
   IDATA SIZE       =   ----    ----
   BIT SIZE         =   ----    ----
END OF MODULE INFORMATION.


C51 COMPILATION COMPLETE.  0 WARNING(S),  0 ERROR(S)
