C51 COMPILER V9.60.7.0   DELAY                                                             10/24/2023 16:02:05 PAGE 1   


C51 COMPILER V9.60.7.0, COMPILATION OF MODULE DELAY
OBJECT MODULE PLACED IN .\Objects\Delay.obj
COMPILER INVOKED BY: E:\keil1\C51\BIN\C51.EXE APP\Delay.c OPTIMIZE(8,SPEED) BROWSE INCDIR(.\APP;.\USER) DEBUG OBJECTEXTE
                    -ND PRINT(.\Listings\Delay.lst) TABS(2) OBJECT(.\Objects\Delay.obj)

line level    source

   1          //#include "AllHead.h"
   2          
   3          ///* -------------------------------- begin  ------------------------------ */
   4          ///**
   5          //  * @函数名:  Delay_10us
   6          //  * @参数1 : 需要延时多少微秒
   7          //  * @返回值: 无
   8          // **/
   9          ///* -------------------------------- end -------------------------------- */
  10          
  11          //void Delay_10us(u16 ten_us) //当传入ten_us==1时，大约延时10us
  12          //{
  13          //    while(ten_us--);
  14          //}


MODULE INFORMATION:   STATIC OVERLAYABLE
   CODE SIZE        =   ----    ----
   CONSTANT SIZE    =   ----    ----
   XDATA SIZE       =   ----    ----
   PDATA SIZE       =   ----    ----
   DATA SIZE        =   ----    ----
   IDATA SIZE       =   ----    ----
   BIT SIZE         =   ----    ----
END OF MODULE INFORMATION.


C51 COMPILATION COMPLETE.  0 WARNING(S),  0 ERROR(S)
