C51 COMPILER V9.60.7.0   SMG                                                               10/24/2023 16:02:04 PAGE 1   


C51 COMPILER V9.60.7.0, COMPILATION OF MODULE SMG
OBJECT MODULE PLACED IN .\Objects\smg.obj
COMPILER INVOKED BY: E:\keil1\C51\BIN\C51.EXE APP\smg.c OPTIMIZE(8,SPEED) BROWSE INCDIR(.\APP;.\USER) DEBUG OBJECTEXTEND
                    - PRINT(.\Listings\smg.lst) TABS(2) OBJECT(.\Objects\smg.obj)

line level    source

   1          //#include "AllHead.h"
   2          
   3          //u8 gsmg[16] = {0xC0, 0xF9, 0xA4, 0xB0, 0x99, 0x92, 0x82, 0xF8,
   4          //               0x80, 0x90, 0x88, 0x83, 0xC6, 0xA1, 0x86, 0x8E}; //数码管0-F
   5          //u8 SMG_BUFF[6] = {0xFF, 0xFF, 0xFF, 0xFF, 0xFF, 0xFF}; //数码管显示缓冲区，初值0xFF
   6          
   7          ///* 将一个无符号长整型的数字显示到数码管上，num-待显示数字 */
   8          //void SMG_Show(u32 num)
   9          //{
  10          //  signed char i; //由于i是--，最后会减为0，如果换成无符号的话再减就变成256了，所以这里要写出有符号的变量
  11          //  u8 buf[6];             //数据转换的缓冲区
  12          //  for(i = 0; i < 6; i++) //把长整型数转换为 6 位十进制的数组
  13          //  {
  14          //    buf[i] = num % 10;   //取出最低位到数码管上
  15          //    num /= 10;           //去掉最低位
  16          //  }
  17          //  for(i = 5; i > 0; i--) //从最高位起，遇到 0 转换为空格，遇到非 0 则退出循环
  18          //  {
  19          //    if(0 == buf[i])      //如果该数码管显示的数为0则关闭该数码管
  20          //    {
  21          //      SMG_BUFF[i] = 0xFF;
  22          //    }
  23          //    else
  24          //      break;
  25          //  }
  26          //  for(; i >= 0; i--)     //剩余低位都如实转换为数码管显示字符
  27          
  28          //  {
  29          //    SMG_BUFF[i] = gsmg[buf[i]];
  30          //  }
  31          //} 
  32          
  33          ///* 数码管动态扫描刷新函数，需在定时中断中调用 */
  34          //void Smg_Scan()
  35          //{
  36          //  static u8 i;                //动态扫描索引
  37          //  LED_SMG_PORT = 0xFF;        //关闭所有段选位，显示消隐
  38          //  //先将P1的第三位取0(低三位与0进行与运算)，然后再与i进行或运算，如果i为1，P1第三位(也就是ADDR2-ADDR0)为0
             -01，以此类推
  39          //  P1 = (P1 & 0xF8) | i;       //位选索引值赋值到P1口低3位
  40          //  LED_SMG_PORT = SMG_BUFF[i]; //索引递增循环，遍历整个缓冲区，由于加了LED显示，点亮LED需要使能LEDS6,所以i
             -小于6不是小于5
  41          //  if(i < sizeof(SMG_BUFF)-1)
  42          //    i++;
  43          //  else
  44          //    i = 0;
  45          //}


MODULE INFORMATION:   STATIC OVERLAYABLE
   CODE SIZE        =   ----    ----
   CONSTANT SIZE    =   ----    ----
   XDATA SIZE       =   ----    ----
   PDATA SIZE       =   ----    ----
C51 COMPILER V9.60.7.0   SMG                                                               10/24/2023 16:02:04 PAGE 2   

   DATA SIZE        =   ----    ----
   IDATA SIZE       =   ----    ----
   BIT SIZE         =   ----    ----
END OF MODULE INFORMATION.


C51 COMPILATION COMPLETE.  0 WARNING(S),  0 ERROR(S)
