C51 COMPILER V9.60.7.0   MAIN                                                              09/26/2023 00:34:53 PAGE 1   


C51 COMPILER V9.60.7.0, COMPILATION OF MODULE MAIN
OBJECT MODULE PLACED IN .\Objects\main.obj
COMPILER INVOKED BY: E:\keil1\C51\BIN\C51.EXE USER\main.c OPTIMIZE(8,SPEED) BROWSE INCDIR(.\USER;.\APP) DEBUG OBJECTEXTE
                    -ND PRINT(.\Listings\main.lst) TABS(2) OBJECT(.\Objects\main.obj)

line level    source

   1          #include "AllHead.h"
   2          
   3          void main()
   4          {
   5   1        ENLED = 0;  //选择数码管进行显示
   6   1        ADDR3 = 1;
   7   1        Time_Init(); //定时器初始化
   8   1        SMG_BUFF[0] = gsmg[0]; //上电显示 0
   9   1        while(1)
  10   1        {
  11   2          Key_Driver(); //调用按键驱动函数
  12   2        }
  13   1      }
  14          
  15          /* T0 中断服务函数，用于数码管显示扫描与按键扫描 */
  16          void time0() interrupt 1
  17          {
  18   1        TH0 = 0xFC; //重新加载初值
  19   1        TL0 = 0x66;
  20   1        SMG_Scan(); //调用数码管显示扫描函数
  21   1        Key_Scan(); //调用按键扫描函数
  22   1      }


MODULE INFORMATION:   STATIC OVERLAYABLE
   CODE SIZE        =     87    ----
   CONSTANT SIZE    =   ----    ----
   XDATA SIZE       =   ----    ----
   PDATA SIZE       =   ----    ----
   DATA SIZE        =   ----    ----
   IDATA SIZE       =   ----    ----
   BIT SIZE         =   ----    ----
END OF MODULE INFORMATION.


C51 COMPILATION COMPLETE.  0 WARNING(S),  0 ERROR(S)
