C51 COMPILER V9.60.7.0   TIME                                                              09/26/2023 00:34:53 PAGE 1   


C51 COMPILER V9.60.7.0, COMPILATION OF MODULE TIME
OBJECT MODULE PLACED IN .\Objects\Time.obj
COMPILER INVOKED BY: E:\keil1\C51\BIN\C51.EXE APP\Time.c OPTIMIZE(8,SPEED) BROWSE INCDIR(.\USER;.\APP) DEBUG OBJECTEXTEN
                    -D PRINT(.\Listings\Time.lst) TABS(2) OBJECT(.\Objects\Time.obj)

line level    source

   1          #include "AllHead.h"
   2          
   3          void Time_Init()
   4          {
   5   1        EA = 1;       //使能总中断
   6   1        TMOD |= 0x01; //设置 T0 为模式 1
   7   1        TH0 = 0xFC;   //为 T0 赋初值，定时 1ms
   8   1        TL0 = 0x66;
   9   1        ET0 = 1;      //使能 T0 中断
  10   1        TR0 = 1;      //启动 T0
  11   1      }


MODULE INFORMATION:   STATIC OVERLAYABLE
   CODE SIZE        =     16    ----
   CONSTANT SIZE    =   ----    ----
   XDATA SIZE       =   ----    ----
   PDATA SIZE       =   ----    ----
   DATA SIZE        =   ----    ----
   IDATA SIZE       =   ----    ----
   BIT SIZE         =   ----    ----
END OF MODULE INFORMATION.


C51 COMPILATION COMPLETE.  0 WARNING(S),  0 ERROR(S)
