C51 COMPILER V9.59.0.0   MAIN                                                              09/19/2023 20:24:16 PAGE 1   


C51 COMPILER V9.59.0.0, COMPILATION OF MODULE MAIN
OBJECT MODULE PLACED IN .\Objects\main.obj
COMPILER INVOKED BY: C:\Keil_v5\C51\BIN\C51.EXE user\src\main.c OPTIMIZE(8,SPEED) BROWSE INCDIR(.\user\inc;C:\Keil_v5\C5
                    -1\INC) DEBUG OBJECTEXTEND PRINT(.\Listings\main.lst) TABS(2) OBJECT(.\Objects\main.obj)

line level    source

   1          #include <reg52.h>
   2          #include "delay.h"
   3          sbit ADDR0 = P1^0;
   4          sbit ADDR1 = P1^1;
   5          sbit ADDR2 = P1^2;
   6          sbit ADDR3 = P1^3;
   7          sbit ENLED = P1^4;
   8          unsigned char LEDSChar[] = {0xc0,0xf9,0xa4,0xb0,0x99,0x92,0x82,0xf8,0x80,0x90};
   9          
  10          unsigned char hour = 16;
  11          unsigned char min = 45;
  12          unsigned char sec = 30;
  13          void show();
  14          
  15          void Timer0Init()
  16          {
  17   1        TMOD &= 0XF0;
  18   1        TMOD |= 0X01;
  19   1        TF0 = 0;
  20   1        TH0 = 0XFC;
  21   1        TL0 = 0X66;
  22   1        TR0 = 1;
  23   1      }
  24          void main()
  25          {
  26   1        unsigned int count=0;
  27   1        Timer0Init();
  28   1        P0 = 0XFF;
  29   1        while(1)
  30   1        {
  31   2          show();
  32   2          if(TF0==1)
  33   2          {
  34   3            TF0 = 0;
  35   3            TH0 = 0XFC;
  36   3            TL0 = 0X66;
  37   3            count++;
  38   3            if(count>1000)
  39   3            {
  40   4              count = 0;
  41   4              sec++;
  42   4              if(sec>59)
  43   4              {
  44   5                sec = 0;
  45   5                min ++;
  46   5                if(min>59)
  47   5                {
  48   6                  min=0;
  49   6                  hour++;
  50   6                  if(hour>23)
  51   6                  {
  52   7                    hour = 0;
  53   7                    min = 0;
  54   7                    sec = 0;
C51 COMPILER V9.59.0.0   MAIN                                                              09/19/2023 20:24:16 PAGE 2   

  55   7                  }
  56   6                }
  57   5              }
  58   4            }
  59   3          }
  60   2            
  61   2        }
  62   1      }
  63          
  64          
  65          void show()
  66          {
  67   1        static unsigned char i=0;
  68   1        ADDR3 = 1;
  69   1        ENLED = 0;
  70   1        P0=0XFF;
  71   1        switch(i)
  72   1        {
  73   2          case 0:ADDR2=0;ADDR1=0;ADDR0=0;P0=LEDSChar[sec%10];Delay1ms();i++;break;
  74   2          case 1:ADDR2=0;ADDR1=0;ADDR0=1;P0=LEDSChar[sec/10];Delay1ms();i++;break;
  75   2          case 2:ADDR2=0;ADDR1=1;ADDR0=0;P0=LEDSChar[min%10];Delay1ms();i++;break;
  76   2          case 3:ADDR2=0;ADDR1=1;ADDR0=1;P0=LEDSChar[min/10];Delay1ms();i++;break;
  77   2          case 4:ADDR2=1;ADDR1=0;ADDR0=0;P0=LEDSChar[hour%10];Delay1ms();i++;break;
  78   2          case 5:ADDR2=1;ADDR1=0;ADDR0=1;P0=LEDSChar[hour/10];Delay1ms();i=0;break;
  79   2          default:break;
  80   2        }
  81   1      }


MODULE INFORMATION:   STATIC OVERLAYABLE
   CODE SIZE        =    243    ----
   CONSTANT SIZE    =   ----    ----
   XDATA SIZE       =   ----    ----
   PDATA SIZE       =   ----    ----
   DATA SIZE        =     14       2
   IDATA SIZE       =   ----    ----
   BIT SIZE         =   ----    ----
END OF MODULE INFORMATION.


C51 COMPILATION COMPLETE.  0 WARNING(S),  0 ERROR(S)
