*** Using Compiler 'V6.18', folder: 'E:\keil1\ARM\ARMCLANG\Bin'
Build target 'rabbit_carV2'
compiling bsp_IIC.c...
compiling LED.c...
compiling bsp_ADC.c...
compiling Motor.c...
compiling Encoder.c...
compiling KEY.c...
compiling bsp_UART1.c...
compiling PID.c...
compiling Voice.c...
compiling SG90.c...
compiling infrared.c...
compiling Menu.c...
compiling OLED.c...
compiling bsp_UART2.c...
compiling main.c...
compiling bsp_UART3.c...
compiling Relay.c...
compiling System.c...
compiling Task.c...
compiling Public.c...
compiling System_Init.c...
compiling CallBack.c...
linking...
Program Size: Code=40488 RO-data=2668 RW-data=468 ZI-data=2316  
FromELF: creating hex file...
"rabbit_carV2\rabbit_carV2.axf" - 0 Error(s), 0 Warning(s).
Build Time Elapsed:  00:00:02
